WARNING: A restricted method in java.lang.System has been called
WARNING: java.lang.System::load has been called by net.rubygrapefruit.platform.internal.NativeLibraryLoader in an unnamed module (file:/E:/dev/gradle/wrapper/dists/gradle-8.7-all/aan3ydargesu18aqyqjwhr3pc/gradle-8.7/lib/native-platform-0.22-milestone-25.jar)
WARNING: Use --enable-native-access=ALL-UNNAMED to avoid a warning for callers in this module
WARNING: Restricted methods will be blocked in a future release unless native access is enabled

> Task :gradle:checkKotlinGradlePluginConfigurationErrors
> Task :gradle:compileKotlin UP-TO-DATE
> Task :gradle:compileJava NO-SOURCE
> Task :gradle:compileGroovy NO-SOURCE
> Task :gradle:pluginDescriptors UP-TO-DATE
> Task :gradle:processResources UP-TO-DATE
> Task :gradle:classes UP-TO-DATE
> Task :gradle:jar UP-TO-DATE

FAILURE: Build failed with an exception.

* Where:
Build file 'C:\Users\jacks\Documents\GitHub\razorpay_web\example\android\app\build.gradle' line: 24

* What went wrong:
A problem occurred evaluating project ':app'.
5 actionable tasks: 1 executed, 4 up-to-date
> Failed to apply plugin 'com.android.internal.version-check'.
   > Minimum supported Gradle version is 8.9. Current version is 8.7. If using the gradle wrapper, try editing the distributionUrl in C:\Users\jacks\Documents\GitHub\razorpay_web\example\android\gradle\wrapper\gradle-wrapper.properties to gradle-8.9-all.zip

* Try:
> Run with --stacktrace option to get the stack trace.
> Run with --info or --debug option to get more log output.
> Run with --scan to get full insights.
> Get more help at https://help.gradle.org.

BUILD FAILED in 1s
